<?xml version="1.0" encoding="UTF-8"?>
<!-- Generated by org.testng.reporters.JUnitXMLReporter -->
<testsuite ignored="1" hostname="ip-172-31-25-243" failures="0" tests="1" name="Default test" time="10.414" errors="0" timestamp="21 Jul 2024 16:43:02 GMT">
  <testcase classname="testcases.LoginTest" name="TC02_LoginFailureTest" time="6.044"/>
  <testcase classname="testcases.LoginTest" name="TC02_LoginSuccessTest" time="0.0">
    <ignored/>
  </testcase> <!-- TC02_LoginSuccessTest -->
</testsuite> <!-- Default test -->
