<?xml version="1.0" encoding="UTF-8"?>
<!-- Generated by org.testng.reporters.JUnitXMLReporter -->
<testsuite ignored="0" hostname="ip-172-31-25-243" failures="0" tests="3" name="Test" time="15.994" errors="0" timestamp="20 Oct 2024 14:22:31 GMT">
  <testcase classname="testcases.LoginTest" name="TC02_LoginSuccessTest" time="3.953"/>
  <testcase classname="testcases.LoginTest" name="TC02_LoginFailureTest" time="6.844"/>
  <testcase classname="testcases.LoginTest" name="TC03_LoginFailureTest" time="3.818"/>
</testsuite> <!-- Test -->
