<?xml version="1.0" encoding="UTF-8"?>
<!-- Generated by org.testng.reporters.JUnitXMLReporter -->
<testsuite ignored="0" hostname="ip-172-31-25-243" failures="0" tests="3" name="Test" time="20.567" errors="0" timestamp="19 Oct 2024 17:12:47 GMT">
  <testcase classname="testcases.LoginTest" name="TC02_LoginSuccessTest" time="4.222"/>
  <testcase classname="testcases.LoginTest" name="TC02_LoginFailureTest" time="5.851"/>
  <testcase classname="testcases.LoginTest" name="TC03_LoginFailureTest" time="3.742"/>
</testsuite> <!-- Test -->
