<?xml version="1.0" encoding="UTF-8"?>
<!-- Generated by org.testng.reporters.JUnitXMLReporter -->
<testsuite ignored="0" hostname="ip-172-31-25-243" failures="0" tests="3" name="Test" time="14.753" errors="0" timestamp="20 Oct 2024 14:23:13 GMT">
  <testcase classname="testcases.LoginTest" name="TC02_LoginSuccessTest" time="3.903"/>
  <testcase classname="testcases.LoginTest" name="TC02_LoginFailureTest" time="6.368"/>
  <testcase classname="testcases.LoginTest" name="TC03_LoginFailureTest" time="3.557"/>
</testsuite> <!-- Test -->
