<?xml version="1.0" encoding="UTF-8"?>
<testng-results ignored="0" total="3" passed="3" failed="0" skipped="0">
  <reporter-output>
  </reporter-output>
  <suite started-at="2024-10-20T14:22:58Z" name="Suite" finished-at="2024-10-20T14:23:13Z" duration-ms="14753">
    <groups>
    </groups>
    <test started-at="2024-10-20T14:22:58Z" name="Test" finished-at="2024-10-20T14:23:13Z" duration-ms="14753">
      <class name="testcases.LoginTest">
        <test-method is-config="true" signature="SetupExcel()[pri:0, instance:testcases.LoginTest@65c7a252]" started-at="2024-10-20T14:22:58Z" name="SetupExcel" finished-at="2024-10-20T14:22:58Z" duration-ms="7" status="PASS">
          <reporter-output>
          </reporter-output>
        </test-method> <!-- SetupExcel -->
        <test-method is-config="true" signature="setUpDriver()[pri:0, instance:testcases.LoginTest@65c7a252]" started-at="2024-10-20T14:22:58Z" name="setUpDriver" finished-at="2024-10-20T14:23:02Z" duration-ms="4078" status="PASS">
          <reporter-output>
          </reporter-output>
        </test-method> <!-- setUpDriver -->
        <test-method is-config="true" signature="setUpDriver()[pri:0, instance:testcases.LoginTest@65c7a252]" started-at="2024-10-20T14:22:58Z" name="setUpDriver" finished-at="2024-10-20T14:23:02Z" duration-ms="3941" status="PASS">
          <reporter-output>
          </reporter-output>
        </test-method> <!-- setUpDriver -->
        <test-method signature="TC02_LoginFailureTest()[pri:0, instance:testcases.LoginTest@65c7a252]" started-at="2024-10-20T14:23:02Z" name="TC02_LoginFailureTest" finished-at="2024-10-20T14:23:08Z" duration-ms="6368" status="PASS">
          <reporter-output>
          </reporter-output>
        </test-method> <!-- TC02_LoginFailureTest -->
        <test-method signature="TC02_LoginSuccessTest()[pri:0, instance:testcases.LoginTest@65c7a252]" started-at="2024-10-20T14:23:02Z" name="TC02_LoginSuccessTest" finished-at="2024-10-20T14:23:06Z" duration-ms="3903" status="PASS">
          <reporter-output>
          </reporter-output>
        </test-method> <!-- TC02_LoginSuccessTest -->
        <test-method is-config="true" signature="tearDown()[pri:0, instance:testcases.LoginTest@65c7a252]" started-at="2024-10-20T14:23:06Z" name="tearDown" finished-at="2024-10-20T14:23:06Z" duration-ms="106" status="PASS">
          <reporter-output>
          </reporter-output>
        </test-method> <!-- tearDown -->
        <test-method is-config="true" signature="setUpDriver()[pri:0, instance:testcases.LoginTest@65c7a252]" started-at="2024-10-20T14:23:06Z" name="setUpDriver" finished-at="2024-10-20T14:23:09Z" duration-ms="3005" status="PASS">
          <reporter-output>
          </reporter-output>
        </test-method> <!-- setUpDriver -->
        <test-method is-config="true" signature="tearDown()[pri:0, instance:testcases.LoginTest@65c7a252]" started-at="2024-10-20T14:23:08Z" name="tearDown" finished-at="2024-10-20T14:23:08Z" duration-ms="124" status="PASS">
          <reporter-output>
          </reporter-output>
        </test-method> <!-- tearDown -->
        <test-method signature="TC03_LoginFailureTest()[pri:0, instance:testcases.LoginTest@65c7a252]" started-at="2024-10-20T14:23:09Z" name="TC03_LoginFailureTest" finished-at="2024-10-20T14:23:13Z" duration-ms="3557" status="PASS">
          <reporter-output>
          </reporter-output>
        </test-method> <!-- TC03_LoginFailureTest -->
        <test-method is-config="true" signature="tearDown()[pri:0, instance:testcases.LoginTest@65c7a252]" started-at="2024-10-20T14:23:13Z" name="tearDown" finished-at="2024-10-20T14:23:13Z" duration-ms="77" status="PASS">
          <reporter-output>
          </reporter-output>
        </test-method> <!-- tearDown -->
        <test-method is-config="true" signature="CloseExcel()[pri:0, instance:testcases.LoginTest@65c7a252]" started-at="2024-10-20T14:23:13Z" name="CloseExcel" finished-at="2024-10-20T14:23:13Z" duration-ms="0" status="PASS">
          <reporter-output>
          </reporter-output>
        </test-method> <!-- CloseExcel -->
      </class> <!-- testcases.LoginTest -->
    </test> <!-- Test -->
  </suite> <!-- Suite -->
</testng-results>
