<?xml version="1.0" encoding="UTF-8"?>
<testng-results ignored="0" total="3" passed="3" failed="0" skipped="0">
  <reporter-output>
  </reporter-output>
  <suite started-at="2024-10-19T17:12:27Z" name="Suite" finished-at="2024-10-19T17:12:47Z" duration-ms="20567">
    <groups>
    </groups>
    <test started-at="2024-10-19T17:12:27Z" name="Test" finished-at="2024-10-19T17:12:47Z" duration-ms="20567">
      <class name="testcases.LoginTest">
        <test-method is-config="true" signature="SetupExcel()[pri:0, instance:testcases.LoginTest@65c7a252]" started-at="2024-10-19T17:12:27Z" name="SetupExcel" finished-at="2024-10-19T17:12:27Z" duration-ms="10" status="PASS">
          <reporter-output>
          </reporter-output>
        </test-method> <!-- SetupExcel -->
        <test-method is-config="true" signature="setUpDriver()[pri:0, instance:testcases.LoginTest@65c7a252]" started-at="2024-10-19T17:12:27Z" name="setUpDriver" finished-at="2024-10-19T17:12:33Z" duration-ms="6647" status="PASS">
          <reporter-output>
          </reporter-output>
        </test-method> <!-- setUpDriver -->
        <test-method is-config="true" signature="setUpDriver()[pri:0, instance:testcases.LoginTest@65c7a252]" started-at="2024-10-19T17:12:27Z" name="setUpDriver" finished-at="2024-10-19T17:12:34Z" duration-ms="6696" status="PASS">
          <reporter-output>
          </reporter-output>
        </test-method> <!-- setUpDriver -->
        <test-method signature="TC02_LoginFailureTest()[pri:0, instance:testcases.LoginTest@65c7a252]" started-at="2024-10-19T17:12:33Z" name="TC02_LoginFailureTest" finished-at="2024-10-19T17:12:39Z" duration-ms="5851" status="PASS">
          <reporter-output>
          </reporter-output>
        </test-method> <!-- TC02_LoginFailureTest -->
        <test-method signature="TC02_LoginSuccessTest()[pri:0, instance:testcases.LoginTest@65c7a252]" started-at="2024-10-19T17:12:34Z" name="TC02_LoginSuccessTest" finished-at="2024-10-19T17:12:38Z" duration-ms="4222" status="PASS">
          <reporter-output>
          </reporter-output>
        </test-method> <!-- TC02_LoginSuccessTest -->
        <test-method is-config="true" signature="tearDown()[pri:0, instance:testcases.LoginTest@65c7a252]" started-at="2024-10-19T17:12:38Z" name="tearDown" finished-at="2024-10-19T17:12:38Z" duration-ms="95" status="PASS">
          <reporter-output>
          </reporter-output>
        </test-method> <!-- tearDown -->
        <test-method is-config="true" signature="setUpDriver()[pri:0, instance:testcases.LoginTest@65c7a252]" started-at="2024-10-19T17:12:38Z" name="setUpDriver" finished-at="2024-10-19T17:12:44Z" duration-ms="5668" status="PASS">
          <reporter-output>
          </reporter-output>
        </test-method> <!-- setUpDriver -->
        <test-method is-config="true" signature="tearDown()[pri:0, instance:testcases.LoginTest@65c7a252]" started-at="2024-10-19T17:12:39Z" name="tearDown" finished-at="2024-10-19T17:12:40Z" duration-ms="217" status="PASS">
          <reporter-output>
          </reporter-output>
        </test-method> <!-- tearDown -->
        <test-method signature="TC03_LoginFailureTest()[pri:0, instance:testcases.LoginTest@65c7a252]" started-at="2024-10-19T17:12:44Z" name="TC03_LoginFailureTest" finished-at="2024-10-19T17:12:47Z" duration-ms="3742" status="PASS">
          <reporter-output>
          </reporter-output>
        </test-method> <!-- TC03_LoginFailureTest -->
        <test-method is-config="true" signature="tearDown()[pri:0, instance:testcases.LoginTest@65c7a252]" started-at="2024-10-19T17:12:47Z" name="tearDown" finished-at="2024-10-19T17:12:47Z" duration-ms="105" status="PASS">
          <reporter-output>
          </reporter-output>
        </test-method> <!-- tearDown -->
        <test-method is-config="true" signature="CloseExcel()[pri:0, instance:testcases.LoginTest@65c7a252]" started-at="2024-10-19T17:12:47Z" name="CloseExcel" finished-at="2024-10-19T17:12:47Z" duration-ms="0" status="PASS">
          <reporter-output>
          </reporter-output>
        </test-method> <!-- CloseExcel -->
      </class> <!-- testcases.LoginTest -->
    </test> <!-- Test -->
  </suite> <!-- Suite -->
</testng-results>
