<?xml version="1.0" encoding="UTF-8"?>
<testng-results ignored="1" total="2" passed="1" failed="0" skipped="0">
  <reporter-output>
  </reporter-output>
  <suite started-at="2024-07-21T16:42:51Z" name="Default suite" finished-at="2024-07-21T16:43:02Z" duration-ms="10414">
    <groups>
    </groups>
    <test started-at="2024-07-21T16:42:51Z" name="Default test" finished-at="2024-07-21T16:43:02Z" duration-ms="10414">
      <class name="testcases.LoginTest">
        <test-method is-config="true" signature="setUpDriver()[pri:0, instance:testcases.LoginTest@1339e7aa]" started-at="2024-07-21T16:42:51Z" name="setUpDriver" finished-at="2024-07-21T16:42:55Z" duration-ms="4262" status="PASS">
          <reporter-output>
          </reporter-output>
        </test-method> <!-- setUpDriver -->
        <test-method signature="TC02_LoginFailureTest()[pri:0, instance:testcases.LoginTest@1339e7aa]" started-at="2024-07-21T16:42:55Z" name="TC02_LoginFailureTest" finished-at="2024-07-21T16:43:02Z" duration-ms="6044" status="PASS">
          <reporter-output>
          </reporter-output>
        </test-method> <!-- TC02_LoginFailureTest -->
        <test-method is-config="true" signature="tearDown()[pri:0, instance:testcases.LoginTest@1339e7aa]" started-at="2024-07-21T16:43:02Z" name="tearDown" finished-at="2024-07-21T16:43:02Z" duration-ms="86" status="PASS">
          <reporter-output>
          </reporter-output>
        </test-method> <!-- tearDown -->
      </class> <!-- testcases.LoginTest -->
    </test> <!-- Default test -->
  </suite> <!-- Default suite -->
</testng-results>
