<?xml version="1.0" encoding="UTF-8"?>
<testng-results ignored="0" total="3" passed="3" failed="0" skipped="0">
  <reporter-output>
  </reporter-output>
  <suite started-at="2024-10-20T14:22:15Z" name="Suite" finished-at="2024-10-20T14:22:31Z" duration-ms="15994">
    <groups>
    </groups>
    <test started-at="2024-10-20T14:22:15Z" name="Test" finished-at="2024-10-20T14:22:31Z" duration-ms="15994">
      <class name="testcases.LoginTest">
        <test-method is-config="true" signature="SetupExcel()[pri:0, instance:testcases.LoginTest@1fa1cab1]" started-at="2024-10-20T14:22:15Z" name="SetupExcel" finished-at="2024-10-20T14:22:15Z" duration-ms="13" status="PASS">
          <reporter-output>
          </reporter-output>
        </test-method> <!-- SetupExcel -->
        <test-method is-config="true" signature="setUpDriver()[pri:0, instance:testcases.LoginTest@1fa1cab1]" started-at="2024-10-20T14:22:15Z" name="setUpDriver" finished-at="2024-10-20T14:22:20Z" duration-ms="5037" status="PASS">
          <reporter-output>
          </reporter-output>
        </test-method> <!-- setUpDriver -->
        <test-method is-config="true" signature="setUpDriver()[pri:0, instance:testcases.LoginTest@1fa1cab1]" started-at="2024-10-20T14:22:15Z" name="setUpDriver" finished-at="2024-10-20T14:22:20Z" duration-ms="4961" status="PASS">
          <reporter-output>
          </reporter-output>
        </test-method> <!-- setUpDriver -->
        <test-method signature="TC02_LoginSuccessTest()[pri:0, instance:testcases.LoginTest@1fa1cab1]" started-at="2024-10-20T14:22:20Z" name="TC02_LoginSuccessTest" finished-at="2024-10-20T14:22:24Z" duration-ms="3953" status="PASS">
          <reporter-output>
          </reporter-output>
        </test-method> <!-- TC02_LoginSuccessTest -->
        <test-method signature="TC02_LoginFailureTest()[pri:0, instance:testcases.LoginTest@1fa1cab1]" started-at="2024-10-20T14:22:20Z" name="TC02_LoginFailureTest" finished-at="2024-10-20T14:22:27Z" duration-ms="6844" status="PASS">
          <reporter-output>
          </reporter-output>
        </test-method> <!-- TC02_LoginFailureTest -->
        <test-method is-config="true" signature="tearDown()[pri:0, instance:testcases.LoginTest@1fa1cab1]" started-at="2024-10-20T14:22:24Z" name="tearDown" finished-at="2024-10-20T14:22:25Z" duration-ms="129" status="PASS">
          <reporter-output>
          </reporter-output>
        </test-method> <!-- tearDown -->
        <test-method is-config="true" signature="setUpDriver()[pri:0, instance:testcases.LoginTest@1fa1cab1]" started-at="2024-10-20T14:22:25Z" name="setUpDriver" finished-at="2024-10-20T14:22:27Z" duration-ms="2993" status="PASS">
          <reporter-output>
          </reporter-output>
        </test-method> <!-- setUpDriver -->
        <test-method is-config="true" signature="tearDown()[pri:0, instance:testcases.LoginTest@1fa1cab1]" started-at="2024-10-20T14:22:27Z" name="tearDown" finished-at="2024-10-20T14:22:27Z" duration-ms="125" status="PASS">
          <reporter-output>
          </reporter-output>
        </test-method> <!-- tearDown -->
        <test-method signature="TC03_LoginFailureTest()[pri:0, instance:testcases.LoginTest@1fa1cab1]" started-at="2024-10-20T14:22:27Z" name="TC03_LoginFailureTest" finished-at="2024-10-20T14:22:31Z" duration-ms="3818" status="PASS">
          <reporter-output>
          </reporter-output>
        </test-method> <!-- TC03_LoginFailureTest -->
        <test-method is-config="true" signature="tearDown()[pri:0, instance:testcases.LoginTest@1fa1cab1]" started-at="2024-10-20T14:22:31Z" name="tearDown" finished-at="2024-10-20T14:22:31Z" duration-ms="93" status="PASS">
          <reporter-output>
          </reporter-output>
        </test-method> <!-- tearDown -->
        <test-method is-config="true" signature="CloseExcel()[pri:0, instance:testcases.LoginTest@1fa1cab1]" started-at="2024-10-20T14:22:31Z" name="CloseExcel" finished-at="2024-10-20T14:22:31Z" duration-ms="0" status="PASS">
          <reporter-output>
          </reporter-output>
        </test-method> <!-- CloseExcel -->
      </class> <!-- testcases.LoginTest -->
    </test> <!-- Test -->
  </suite> <!-- Suite -->
</testng-results>
